<?xml version="1.0" encoding="UTF-8"?>
<testsuite xmlns:xsi="http://www.w3.org/2001/XMLSchema-instance" xsi:noNamespaceSchemaLocation="https://maven.apache.org/surefire/maven-surefire-plugin/xsd/surefire-test-report.xsd" name="pt.ua.tqs.AppTest" time="3.243" tests="4" errors="0" skipped="0" failures="0">
  <properties>
[...]
</properties>
  <testcase name="isResponseTimeFromAllTodosLessThan2Seconds" classname="pt.ua.tqs.AppTest" time="1.686"/>
  <testcase name="whenListingAllTodosDoesItReturnCorrectIds" classname="pt.ua.tqs.AppTest" time="0.989"/>
  <testcase name="isListAllTodosAvailable" classname="pt.ua.tqs.AppTest" time="0.144"/>
  <testcase name="isTodo4ReturingExpected" classname="pt.ua.tqs.AppTest" time="0.382"/>
</testsuite>